<?xml version="1.0" encoding="UTF-8"?>
<!-- Generated by org.testng.reporters.JUnitReportReporter -->
<testsuite hostname="LAPTOP-LK04PM99" failures="0" tests="1" name="testClassPackage.Post_tc_1" time="8.899" errors="0" timestamp="2023-05-27T13:38:39 IST" skipped="0">
  <testcase classname="testClassPackage.Post_tc_1" name="execute" time="8.899"/>
  <system-out/>
</testsuite> <!-- testClassPackage.Post_tc_1 -->
